<?xml version="1.0" encoding="UTF-8"?>
<!-- Generated by org.testng.reporters.JUnitReportReporter -->
<testsuite skipped="0" hostname="DESKTOP-3MFM675" name="test.CardValidatorTest" tests="1" failures="0" timestamp="22 Jul 2018 12:42:19 GMT" time="0.046" errors="0">
  <testcase name="verifyCardIsValidAndIsOfVisaOrMasterType" time="0.046" classname="test.CardValidatorTest"/>
</testsuite> <!-- test.CardValidatorTest -->
